YiYao/proguard/seeds.txt
com.example.androidslidingmenuuse.R$anim: int slide_in_left
com.example.androidslidingmenuuse.R$anim: int slide_in_right
com.example.androidslidingmenuuse.R$anim: int slide_left_in
com.example.androidslidingmenuuse.R$anim: int slide_left_out
com.example.androidslidingmenuuse.R$anim: int slide_out_left
com.example.androidslidingmenuuse.R$anim: int slide_out_right
com.example.androidslidingmenuuse.R$anim: int slide_right_out
com.example.androidslidingmenuuse.R$attr: int behindOffset
com.example.androidslidingmenuuse.R$attr: int behindScrollScale
com.example.androidslidingmenuuse.R$attr: int behindWidth
com.example.androidslidingmenuuse.R$attr: int fadeDegree
com.example.androidslidingmenuuse.R$attr: int fadeEnabled
com.example.androidslidingmenuuse.R$attr: int mode
com.example.androidslidingmenuuse.R$attr: int selectorDrawable
com.example.androidslidingmenuuse.R$attr: int selectorEnabled
com.example.androidslidingmenuuse.R$attr: int shadowDrawable
com.example.androidslidingmenuuse.R$attr: int shadowWidth
com.example.androidslidingmenuuse.R$attr: int switchMinWidth
com.example.androidslidingmenuuse.R$attr: int switchPadding
com.example.androidslidingmenuuse.R$attr: int switchStyle
com.example.androidslidingmenuuse.R$attr: int switchTextAppearance
com.example.androidslidingmenuuse.R$attr: int textAllCaps
com.example.androidslidingmenuuse.R$attr: int textColor
com.example.androidslidingmenuuse.R$attr: int textColorHighlight
com.example.androidslidingmenuuse.R$attr: int textColorHint
com.example.androidslidingmenuuse.R$attr: int textColorLink
com.example.androidslidingmenuuse.R$attr: int textOff
com.example.androidslidingmenuuse.R$attr: int textOn
com.example.androidslidingmenuuse.R$attr: int textSize
com.example.androidslidingmenuuse.R$attr: int textStyle
com.example.androidslidingmenuuse.R$attr: int thumb
com.example.androidslidingmenuuse.R$attr: int thumbTextPadding
com.example.androidslidingmenuuse.R$color: int abc_search_url_text_normal
com.example.androidslidingmenuuse.R$color: int abc_search_url_text_pressed
com.example.androidslidingmenuuse.R$color: int abc_search_url_text_selected
com.example.androidslidingmenuuse.R$color: int account_account_action_normal
com.example.androidslidingmenuuse.R$color: int account_account_action_selected
com.example.androidslidingmenuuse.R$color: int account_account_bind
com.example.androidslidingmenuuse.R$color: int account_account_bind_night
com.example.androidslidingmenuuse.R$color: int account_account_bind_shadow
com.example.androidslidingmenuuse.R$color: int account_account_bind_shadow_night
com.example.androidslidingmenuuse.R$color: int account_account_logout
com.example.androidslidingmenuuse.R$color: int account_account_logout_night
com.example.androidslidingmenuuse.R$color: int account_account_name
com.example.androidslidingmenuuse.R$color: int account_account_name_night
com.example.androidslidingmenuuse.R$color: int account_item_name
com.example.androidslidingmenuuse.R$color: int account_item_name_night
com.example.androidslidingmenuuse.R$color: int account_user_desc
com.example.androidslidingmenuuse.R$color: int account_user_desc_night
com.example.androidslidingmenuuse.R$color: int account_user_name
com.example.androidslidingmenuuse.R$color: int account_user_name_night
com.example.androidslidingmenuuse.R$color: int action_comment_bg
...
android.support.v4.app.BackStackState
android.support.v4.app.BackStackState: android.os.Parcelable$Creator CREATOR
android.support.v4.app.Fragment$SavedState
android.support.v4.app.Fragment$SavedState: android.os.Parcelable$Creator CREATOR
android.support.v4.app.FragmentManagerState
android.support.v4.app.FragmentManagerState: android.os.Parcelable$Creator CREATOR
android.support.v4.app.FragmentState
android.support.v4.app.FragmentState: android.os.Parcelable$Creator CREATOR
android.support.v4.app.FragmentTabHost: void setOnTabChangedListener(android.widget.TabHost$OnTabChangeListener)
android.support.v4.app.FragmentTabHost$SavedState
android.support.v4.app.FragmentTabHost$SavedState: android.os.Parcelable$Creator CREATOR
android.support.v4.content.ModernAsyncTask$Status: android.support.v4.content.ModernAsyncTask$Status[] values()
android.support.v4.content.ModernAsyncTask$Status: android.support.v4.content.ModernAsyncTask$Status valueOf(java.lang.String)
android.support.v4.view.PagerTabStrip: void setTabIndicatorColor(int)
android.support.v4.view.PagerTabStrip: void setTabIndicatorColorResource(int)
android.support.v4.view.PagerTabStrip: int getTabIndicatorColor()
android.support.v4.view.PagerTabStrip: void setTextSpacing(int)
android.support.v4.view.PagerTabStrip: void setBackgroundDrawable(android.graphics.drawable.Drawable)
android.support.v4.view.PagerTabStrip: void setBackgroundColor(int)
android.support.v4.view.PagerTabStrip: void setBackgroundResource(int)
android.support.v4.view.PagerTabStrip: void setDrawFullUnderline(boolean)
android.support.v4.view.PagerTabStrip: boolean getDrawFullUnderline()
android.support.v4.view.PagerTabStrip: int getMinHeight()
android.support.v4.view.PagerTitleStrip: void setSingleLineAllCaps(android.widget.TextView)
android.support.v4.view.PagerTitleStrip: void setTextSpacing(int)
android.support.v4.view.PagerTitleStrip: int getTextSpacing()
android.support.v4.view.PagerTitleStrip: void setNonPrimaryAlpha(float)
android.support.v4.view.PagerTitleStrip: void setTextColor(int)
android.support.v4.view.PagerTitleStrip: void setGravity(int)
android.support.v4.view.PagerTitleStrip: int getMinHeight()
android.support.v4.view.ViewPager
android.support.v4.view.ViewPager: ViewPager(android.content.Context)
android.support.v4.view.ViewPager: ViewPager(android.content.Context,android.util.AttributeSet)
android.support.v4.view.ViewPager: void setScrollState(int)
android.support.v4.view.ViewPager: void setAdapter(android.support.v4.view.PagerAdapter)
android.support.v4.view.ViewPager: android.support.v4.view.PagerAdapter getAdapter()
android.support.v4.view.ViewPager: void setOnAdapterChangeListener(android.support.v4.view.ViewPager$OnAdapterChangeListener)
android.support.v4.view.ViewPager: int getClientWidth()
android.support.v4.view.ViewPager: void setCurrentItem(int)
android.support.v4.view.ViewPager: int getCurrentItem()
android.support.v4.view.ViewPager: void setOnPageChangeListener(android.support.v4.view.ViewPager$OnPageChangeListener)
android.support.v4.view.ViewPager: void setChildrenDrawingOrderEnabledCompat(boolean)
android.support.v4.view.ViewPager: int getOffscreenPageLimit()
android.support.v4.view.ViewPager: void setOffscreenPageLimit(int)
android.support.v4.view.ViewPager: void setPageMargin(int)
android.support.v4.view.ViewPager: int getPageMargin()
android.support.v4.view.ViewPager: void setPageMarginDrawable(android.graphics.drawable.Drawable)
android.support.v4.view.ViewPager: void setPageMarginDrawable(int)
android.support.v4.view.ViewPager: void setScrollingCacheEnabled(boolean)
android.support.v4.view.ViewPager$SavedState
android.support.v4.view.ViewPager$SavedState: android.os.Parcelable$Creator CREATOR