YiYao/proguard/mapping.txt
com.example.androidslidingmenuuse.R -> com.example.androidslidingmenuuse.a:
com.example.androidslidingmenuuse.R$styleable -> com.example.androidslidingmenuuse.b:
    int[] SlidingMenu -> SlidingMenu
    int SlidingMenu_behindOffset -> SlidingMenu_behindOffset
    int SlidingMenu_behindScrollScale -> SlidingMenu_behindScrollScale
    int SlidingMenu_behindWidth -> SlidingMenu_behindWidth
    int SlidingMenu_fadeDegree -> SlidingMenu_fadeDegree
    int SlidingMenu_fadeEnabled -> SlidingMenu_fadeEnabled
    int SlidingMenu_mode -> SlidingMenu_mode
    int SlidingMenu_selectorDrawable -> SlidingMenu_selectorDrawable
    int SlidingMenu_selectorEnabled -> SlidingMenu_selectorEnabled
    int SlidingMenu_shadowDrawable -> SlidingMenu_shadowDrawable
    int SlidingMenu_shadowWidth -> SlidingMenu_shadowWidth
    int SlidingMenu_touchModeAbove -> SlidingMenu_touchModeAbove
    int SlidingMenu_touchModeBehind -> SlidingMenu_touchModeBehind
    int SlidingMenu_viewAbove -> SlidingMenu_viewAbove
    int SlidingMenu_viewBehind -> SlidingMenu_viewBehind
    int[] SwitchButton -> SwitchButton
    int SwitchButton_switchMinWidth -> SwitchButton_switchMinWidth
    int SwitchButton_switchPadding -> SwitchButton_switchPadding
    int SwitchButton_switchTextAppearance -> SwitchButton_switchTextAppearance
    int SwitchButton_textOff -> SwitchButton_textOff
    int SwitchButton_textOn -> SwitchButton_textOn
    int SwitchButton_thumb -> SwitchButton_thumb
    int SwitchButton_thumbTextPadding -> SwitchButton_thumbTextPadding
com.example.androidslidingmenuuse.activity.ContactActivity -> com.example.androidslidingmenuuse.activity.ContactActivity:
    void onCreate(android.os.Bundle) -> onCreate
com.example.androidslidingmenuuse.activity.IndexActivity -> com.example.androidslidingmenuuse.activity.IndexActivity:
    android.support.v4.view.ViewPager viewPager -> a
    android.widget.ImageView imageView -> b
    android.widget.TextView textView1 -> c
    android.widget.TextView textView2 -> d
    android.widget.TextView textView3 -> e
    java.util.List views -> f
    int offset -> g
    int currIndex -> h
    int bmpW -> i
    android.view.View view1 -> j
    android.view.View view2 -> k
    android.view.View view3 -> l
    void onCreate(android.os.Bundle) -> onCreate
    void InitImageView() -> a
    void InitTextView() -> b
    void InitViewPager() -> c
    android.support.v4.view.ViewPager access$0(com.example.androidslidingmenuuse.activity.IndexActivity) -> a
    int access$1(com.example.androidslidingmenuuse.activity.IndexActivity) -> b
    int access$2(com.example.androidslidingmenuuse.activity.IndexActivity) -> c
    int access$3(com.example.androidslidingmenuuse.activity.IndexActivity) -> d
    void access$4(com.example.androidslidingmenuuse.activity.IndexActivity,int) -> a
    android.widget.ImageView access$5(com.example.androidslidingmenuuse.activity.IndexActivity) -> e
com.example.androidslidingmenuuse.activity.IndexActivity$MyOnClickListener -> com.example.androidslidingmenuuse.activity.a:
    int index -> b
    com.example.androidslidingmenuuse.activity.IndexActivity this$0 -> a
    void onClick(android.view.View) -> onClick
com.example.androidslidingmenuuse.activity.IndexActivity$MyOnPageChangeListener -> com.example.androidslidingmenuuse.activity.b:
    int one -> a
    int two -> b
    com.example.androidslidingmenuuse.activity.IndexActivity this$0 -> c
    void onPageScrollStateChanged(int) -> b
    void onPageScrolled(int,float,int) -> a
    void onPageSelected(int) -> a
...
android.support.v4.view.KeyEventCompat$EclairKeyEventVersionImpl -> android.support.v4.view.u:
    void startTracking(android.view.KeyEvent) -> a
android.support.v4.view.KeyEventCompat$HoneycombKeyEventVersionImpl -> android.support.v4.view.v:
    int normalizeMetaState(int) -> a
    boolean metaStateHasModifiers(int,int) -> a
    boolean metaStateHasNoModifiers(int) -> b
android.support.v4.view.KeyEventCompat$KeyEventVersionImpl -> android.support.v4.view.w:
    boolean metaStateHasModifiers(int,int) -> a
    boolean metaStateHasNoModifiers(int) -> b
    void startTracking(android.view.KeyEvent) -> a
android.support.v4.view.KeyEventCompatEclair -> android.support.v4.view.x:
    void startTracking(android.view.KeyEvent) -> a
android.support.v4.view.KeyEventCompatHoneycomb -> android.support.v4.view.y:
    int normalizeMetaState(int) -> a
    boolean metaStateHasModifiers(int,int) -> a
    boolean metaStateHasNoModifiers(int) -> b
android.support.v4.view.MotionEventCompat -> android.support.v4.view.z:
    android.support.v4.view.MotionEventCompat$MotionEventVersionImpl IMPL -> a
    int getActionMasked(android.view.MotionEvent) -> a
    int getActionIndex(android.view.MotionEvent) -> b
    int findPointerIndex(android.view.MotionEvent,int) -> a
    int getPointerId(android.view.MotionEvent,int) -> b
    float getX(android.view.MotionEvent,int) -> c
    float getY(android.view.MotionEvent,int) -> d
    int getPointerCount(android.view.MotionEvent) -> c
android.support.v4.view.MotionEventCompat$BaseMotionEventVersionImpl -> android.support.v4.view.aa:
    int findPointerIndex(android.view.MotionEvent,int) -> a
    int getPointerId(android.view.MotionEvent,int) -> b
    float getX(android.view.MotionEvent,int) -> c
    float getY(android.view.MotionEvent,int) -> d
    int getPointerCount(android.view.MotionEvent) -> a
android.support.v4.view.MotionEventCompat$EclairMotionEventVersionImpl -> android.support.v4.view.ab:
    int findPointerIndex(android.view.MotionEvent,int) -> a
    int getPointerId(android.view.MotionEvent,int) -> b
    float getX(android.view.MotionEvent,int) -> c
    float getY(android.view.MotionEvent,int) -> d
    int getPointerCount(android.view.MotionEvent) -> a
android.support.v4.view.MotionEventCompat$MotionEventVersionImpl -> android.support.v4.view.ac:
    int findPointerIndex(android.view.MotionEvent,int) -> a
    int getPointerId(android.view.MotionEvent,int) -> b
    float getX(android.view.MotionEvent,int) -> c
    float getY(android.view.MotionEvent,int) -> d
    int getPointerCount(android.view.MotionEvent) -> a
android.support.v4.view.MotionEventCompatEclair -> android.support.v4.view.ad:
    int findPointerIndex(android.view.MotionEvent,int) -> a
    int getPointerId(android.view.MotionEvent,int) -> b
    float getX(android.view.MotionEvent,int) -> c
    float getY(android.view.MotionEvent,int) -> d
    int getPointerCount(android.view.MotionEvent) -> a