YiYao/proguard/usage.txt
com.example.androidslidingmenuuse.BuildConfig
com.example.androidslidingmenuuse.R:
    10:10:public R()
com.example.androidslidingmenuuse.R$anim
com.example.androidslidingmenuuse.R$attr
com.example.androidslidingmenuuse.R$color
com.example.androidslidingmenuuse.R$dimen
com.example.androidslidingmenuuse.R$drawable
com.example.androidslidingmenuuse.R$id
com.example.androidslidingmenuuse.R$integer
com.example.androidslidingmenuuse.R$layout
com.example.androidslidingmenuuse.R$menu
com.example.androidslidingmenuuse.R$string
com.example.androidslidingmenuuse.R$style
com.example.androidslidingmenuuse.R$styleable:
    1421:1421:public R$styleable()
com.example.androidslidingmenuuse.application.Application:
    22:22:public static com.example.androidslidingmenuuse.application.Application getInstance()
com.example.androidslidingmenuuse.crash.CrashDebug:
    public static final java.lang.String TAG
com.example.androidslidingmenuuse.sdcard.SdcardUtil
com.example.androidslidingmenuuse.sdcard.SdcardUtil$OnSdcardChangedListener
com.example.androidslidingmenuuse.sdcard.SdcardUtil$SdcardBroadcastReceiver
com.example.androidslidingmenuuse.tool.BaseTools
com.example.androidslidingmenuuse.tool.BitmapUtils
com.example.androidslidingmenuuse.tool.Configs
com.example.androidslidingmenuuse.tool.DebugManager:
    private static final java.lang.String LOG_FILE_PATH
    59:73:public static void printlnRunLog(boolean)
com.example.androidslidingmenuuse.tool.LogPrint
com.example.androidslidingmenuuse.tool.StringOperator
com.example.androidslidingmenuuse.tool.StringUtils
com.example.androidslidingmenuuse.view.SwitchButton:
    private static final int TOUCH_MODE_IDLE
    private static final int TOUCH_MODE_DOWN
    private static final int TOUCH_MODE_DRAGGING
    private static final int SANS
    private static final int SERIF
    private static final int MONOSPACE
...
android.support.v4.text.ICUCompat$ICUCompatImplIcs
android.support.v4.text.ICUCompatIcs
android.support.v4.text.TextDirectionHeuristicCompat
android.support.v4.text.TextDirectionHeuristicsCompat
android.support.v4.text.TextDirectionHeuristicsCompat$1
android.support.v4.text.TextDirectionHeuristicsCompat$AnyStrong
android.support.v4.text.TextDirectionHeuristicsCompat$FirstStrong
android.support.v4.text.TextDirectionHeuristicsCompat$TextDirectionAlgorithm
android.support.v4.text.TextDirectionHeuristicsCompat$TextDirectionHeuristicImpl
android.support.v4.text.TextDirectionHeuristicsCompat$TextDirectionHeuristicInternal
android.support.v4.text.TextDirectionHeuristicsCompat$TextDirectionHeuristicLocale
android.support.v4.text.TextUtilsCompat
android.support.v4.util.ArrayMap:
    61:62:public ArrayMap(int)
    68:69:public ArrayMap(android.support.v4.util.SimpleArrayMap)
    130:130:public boolean containsAll(java.util.Collection)
    151:151:public boolean removeAll(java.util.Collection)
    161:161:public boolean retainAll(java.util.Collection)
android.support.v4.util.AtomicFile
android.support.v4.util.ContainerHelpers:
    19:19:ContainerHelpers()
    29:29:public static int idealLongArraySize(int)
    65:80:static int binarySearch(long[],int,long)
android.support.v4.util.DebugUtils:
    25:25:public DebugUtils()
android.support.v4.util.LongSparseArray
android.support.v4.util.LruCache
android.support.v4.util.SimpleArrayMap:
    private static final boolean DEBUG
    private static final java.lang.String TAG
    private static final int BASE_SIZE
    private static final int CACHE_SIZE
    217:225:public SimpleArrayMap(int)
    231:235:public SimpleArrayMap(android.support.v4.util.SimpleArrayMap)
    419:432:public void putAll(android.support.v4.util.SimpleArrayMap)
android.support.v4.util.SparseArrayCompat:
    76:76:public java.lang.Object get(int)
    85:90:public java.lang.Object get(int,java.lang.Object)
    98:106:public void delete(int)
    112:113:public void remove(int)
    119:123:public void removeAt(int)
    132:136:public void removeAtRange(int,int)
    172:216:public void put(int,java.lang.Object)
    263:268:public void setValueAt(int,java.lang.Object)
    276:280:public int indexOfKey(int)
    294:302:public int indexOfValue(java.lang.Object)
    325:352:public void append(int,java.lang.Object)
android.support.v4.util.TimeUtils
android.support.v4.view.AccessibilityDelegateCompatIcs:
    28:30:AccessibilityDelegateCompatIcs()
android.support.v4.view.AccessibilityDelegateCompatJellyBean:
    30:32:AccessibilityDelegateCompatJellyBean()
android.support.v4.view.ActionProvider
android.support.v4.view.ActionProvider$SubUiVisibilityListener
android.support.v4.view.ActionProvider$VisibilityListener
android.support.v4.view.GestureDetectorCompat
android.support.v4.view.GestureDetectorCompat$GestureDetectorCompatImpl
android.support.v4.view.GestureDetectorCompat$GestureDetectorCompatImplBase
android.support.v4.view.GestureDetectorCompat$GestureDetectorCompatImplBase$GestureHandler
android.support.v4.view.GestureDetectorCompat$GestureDetectorCompatImplJellybeanMr2
android.support.v4.view.GravityCompat:
    public static final int RELATIVE_LAYOUT_DIRECTION
    public static final int START
    public static final int END
    public static final int RELATIVE_HORIZONTAL_GRAVITY_MASK
    27:62:public GravityCompat()
    132:133:public static void apply(int,int,int,android.graphics.Rect,android.graphics.Rect,int)
    162:163:public static void apply(int,int,int,android.graphics.Rect,int,int,android.graphics.Rect,int)
    186:187:public static void applyDisplay(int,android.graphics.Rect,android.graphics.Rect,int)